<?xml version="1.0" encoding="UTF-8"?>
<!-- Generated by org.testng.reporters.JUnitReportReporter -->
<testsuite hostname="LAPTOP-FV1112LB" failures="0" tests="1" name="practice.JenkinsTest" time="5.346" errors="0" timestamp="2022-08-16T20:19:51 IST" skipped="0">
  <testcase classname="practice.JenkinsTest" name="JenkinsTest" time="5.346"/>
  <system-out/>
</testsuite> <!-- practice.JenkinsTest -->
